#
# There is insufficient memory for the Java Runtime Environment to continue.
# Native memory allocation (mmap) failed to map 260046848 bytes for G1 virtual space
# Possible reasons:
#   The system is out of physical RAM or swap space
#   The process is running with CompressedOops enabled, and the Java Heap may be blocking the growth of the native heap
# Possible solutions:
#   Reduce memory load on the system
#   Increase physical memory or swap space
#   Check if swap backing store is full
#   Decrease Java heap size (-Xmx/-Xms)
#   Decrease number of Java threads
#   Decrease Java thread stack sizes (-Xss)
#   Set larger code cache with -XX:ReservedCodeCacheSize=
#   JVM is running with Zero Based Compressed Oops mode in which the Java heap is
#     placed in the first 32GB address space. The Java Heap base address is the
#     maximum limit for the native heap growth. Please use -XX:HeapBaseMinAddress
#     to set the Java Heap base and to place the Java Heap above 32GB virtual address.
# This output file may be truncated or incomplete.
#
#  Out of Memory Error (os_windows.cpp:3825), pid=20472, tid=4036
#
# JRE version:  (17.0.9) (build )
# Java VM: OpenJDK 64-Bit Server VM (17.0.9+0--11185874, mixed mode, sharing, tiered, compressed oops, compressed class ptrs, g1 gc, windows-amd64)
# No core dump will be written. Minidumps are not enabled by default on client versions of Windows
#

---------------  S U M M A R Y ------------

Command Line: org.jetbrains.kotlin.cli.jvm.K2JVMCompiler @D:\code\kotlin\NewsApp\app\build\20240313_10272781992051395808.compiler.options

Host: AMD Ryzen 5 4600H with Radeon Graphics         , 12 cores, 15G,  Windows 11 , 64 bit Build 22621 (10.0.22621.3139)
Time: Wed Mar 13 17:41:53 2024 India Standard Time elapsed time: 0.013586 seconds (0d 0h 0m 0s)

---------------  T H R E A D  ---------------

Current thread (0x000001f3f050b4e0):  JavaThread "Unknown thread" [_thread_in_vm, id=4036, stack(0x000000025c600000,0x000000025c700000)]

Stack: [0x000000025c600000,0x000000025c700000]
Native frames: (J=compiled Java code, j=interpreted, Vv=VM code, C=native code)
V  [jvm.dll+0x6886e9]
V  [jvm.dll+0x841e4a]
V  [jvm.dll+0x843a8e]
V  [jvm.dll+0x8440f3]
V  [jvm.dll+0x24c14f]
V  [jvm.dll+0x685499]
V  [jvm.dll+0x679c2a]
V  [jvm.dll+0x30cf9b]
V  [jvm.dll+0x314446]
V  [jvm.dll+0x36425e]
V  [jvm.dll+0x36448f]
V  [jvm.dll+0x2e2d68]
V  [jvm.dll+0x2e3cd4]
V  [jvm.dll+0x8129f1]
V  [jvm.dll+0x3720c1]
V  [jvm.dll+0x7f152c]
V  [jvm.dll+0x3f5d4f]
V  [jvm.dll+0x3f7981]
C  [jli.dll+0x528f]
C  [ucrtbase.dll+0x29363]
C  [KERNEL32.DLL+0x1257d]
C  [ntdll.dll+0x5aa58]


---------------  P R O C E S S  ---------------

Threads class SMR info:
_java_thread_list=0x00007ff87302ef18, length=0, elements={
}

Java Threads: ( => current thread )

Other Threads:
  0x000001f3f0575280 GCTaskThread "GC Thread#0" [stack: 0x000000025c700000,0x000000025c800000] [id=26052]
  0x000001f3f0585890 ConcurrentGCThread "G1 Main Marker" [stack: 0x000000025c800000,0x000000025c900000] [id=23752]
  0x000001f3f05862b0 ConcurrentGCThread "G1 Conc#0" [stack: 0x000000025c900000,0x000000025ca00000] [id=348]

[error occurred during error reporting (printing all threads), id 0xc0000005, EXCEPTION_ACCESS_VIOLATION (0xc0000005) at pc=0x00007ff8727e3937]

VM state: not at safepoint (not fully initialized)

VM Mutex/Monitor currently owned by a thread:  ([mutex/lock_event])
[0x000001f3f05063f0] Heap_lock - owner thread: 0x000001f3f050b4e0

Heap address: 0x0000000709400000, size: 3948 MB, Compressed Oops mode: Zero based, Oop shift amount: 3

CDS archive(s) mapped at: [0x0000000000000000-0x0000000000000000-0x0000000000000000), size 0, SharedBaseAddress: 0x0000000800000000, ArchiveRelocationMode: 1.
Narrow klass base: 0x0000000000000000, Narrow klass shift: 0, Narrow klass range: 0x0

GC Precious Log:
<Empty>

Heap:
 garbage-first heap   total 0K, used 0K [0x0000000709400000, 0x0000000800000000)
  region size 2048K, 0 young (0K), 0 survivors (0K)
 Metaspace       used 0K, committed 0K, reserved 0K
  class space    used 0K, committed 0K, reserved 0K

Heap Regions: E=young(eden), S=young(survivor), O=old, HS=humongous(starts), HC=humongous(continues), CS=collection set, F=free, OA=open archive, CA=closed archive, TAMS=top-at-mark-start (previous, next)

Card table byte_map: [0x000001f3f46f0000,0x000001f3f4eb0000] _byte_map_base: 0x000001f3f0ea6000

Marking Bits (Prev, Next): (CMBitMap*) 0x000001f3f05758a0, (CMBitMap*) 0x000001f3f05758e0
 Prev Bits: [0x000001f3f5670000, 0x000001f3f9420000)
 Next Bits: [0x000001f3f9420000, 0x000001f3fd1d0000)

GC Heap History (0 events):
No events

Dll operation events (1 events):
Event: 0.009 Loaded shared library C:\Program Files\Android\Android Studio1\jbr\bin\java.dll

Deoptimization events (0 events):
No events

Classes unloaded (0 events):
No events

Classes redefined (0 events):
No events

Internal exceptions (0 events):
No events

VM Operations (0 events):
No events

Events (0 events):
No events


Dynamic libraries:
0x00007ff6cfa30000 - 0x00007ff6cfa3a000 	C:\Program Files\Android\Android Studio1\jbr\bin\java.exe
0x00007ff8f9730000 - 0x00007ff8f9946000 	C:\WINDOWS\SYSTEM32\ntdll.dll
0x00007ff8f7e30000 - 0x00007ff8f7ef4000 	C:\WINDOWS\System32\KERNEL32.DLL
0x00007ff8f6a60000 - 0x00007ff8f6e06000 	C:\WINDOWS\System32\KERNELBASE.dll
0x00007ff8f6e10000 - 0x00007ff8f6f21000 	C:\WINDOWS\System32\ucrtbase.dll
0x00007ff8e4790000 - 0x00007ff8e47ab000 	C:\Program Files\Android\Android Studio1\jbr\bin\VCRUNTIME140.dll
0x00007ff8d56c0000 - 0x00007ff8d56d7000 	C:\Program Files\Android\Android Studio1\jbr\bin\jli.dll
0x00007ff8f7820000 - 0x00007ff8f79cd000 	C:\WINDOWS\System32\USER32.dll
0x00007ff8f7300000 - 0x00007ff8f7326000 	C:\WINDOWS\System32\win32u.dll
0x00007ff8e2e00000 - 0x00007ff8e3093000 	C:\WINDOWS\WinSxS\amd64_microsoft.windows.common-controls_6595b64144ccf1df_6.0.22621.3139_none_270f19e5738675cb\COMCTL32.dll
0x00007ff8f8840000 - 0x00007ff8f88e7000 	C:\WINDOWS\System32\msvcrt.dll
0x00007ff8f7540000 - 0x00007ff8f7569000 	C:\WINDOWS\System32\GDI32.dll
0x00007ff8f71e0000 - 0x00007ff8f72f8000 	C:\WINDOWS\System32\gdi32full.dll
0x00007ff8f6f30000 - 0x00007ff8f6fca000 	C:\WINDOWS\System32\msvcp_win.dll
0x00007ff8f77e0000 - 0x00007ff8f7811000 	C:\WINDOWS\System32\IMM32.DLL
0x00007ff8e0860000 - 0x00007ff8e086c000 	C:\Program Files\Android\Android Studio1\jbr\bin\vcruntime140_1.dll
0x00007ff8c9850000 - 0x00007ff8c98dd000 	C:\Program Files\Android\Android Studio1\jbr\bin\msvcp140.dll
0x00007ff8724f0000 - 0x00007ff873173000 	C:\Program Files\Android\Android Studio1\jbr\bin\server\jvm.dll
0x00007ff8f7ad0000 - 0x00007ff8f7b82000 	C:\WINDOWS\System32\ADVAPI32.dll
0x00007ff8f7b90000 - 0x00007ff8f7c38000 	C:\WINDOWS\System32\sechost.dll
0x00007ff8f7140000 - 0x00007ff8f7168000 	C:\WINDOWS\System32\bcrypt.dll
0x00007ff8f9590000 - 0x00007ff8f96a5000 	C:\WINDOWS\System32\RPCRT4.dll
0x00007ff8f66b0000 - 0x00007ff8f66fd000 	C:\WINDOWS\SYSTEM32\POWRPROF.dll
0x00007ff8d3d40000 - 0x00007ff8d3d49000 	C:\WINDOWS\SYSTEM32\WSOCK32.dll
0x00007ff8f7f00000 - 0x00007ff8f7f71000 	C:\WINDOWS\System32\WS2_32.dll
0x00007ff8ee8a0000 - 0x00007ff8ee8d4000 	C:\WINDOWS\SYSTEM32\WINMM.dll
0x00007ff8ee7e0000 - 0x00007ff8ee7ea000 	C:\WINDOWS\SYSTEM32\VERSION.dll
0x00007ff8f63c0000 - 0x00007ff8f63d3000 	C:\WINDOWS\SYSTEM32\UMPDC.dll
0x00007ff8f5a60000 - 0x00007ff8f5a78000 	C:\WINDOWS\SYSTEM32\kernel.appcore.dll
0x00007ff8f1bc0000 - 0x00007ff8f1bca000 	C:\Program Files\Android\Android Studio1\jbr\bin\jimage.dll
0x00007ff8e75d0000 - 0x00007ff8e7803000 	C:\WINDOWS\SYSTEM32\DBGHELP.DLL
0x00007ff8f88f0000 - 0x00007ff8f8c78000 	C:\WINDOWS\System32\combase.dll
0x00007ff8f94a0000 - 0x00007ff8f9577000 	C:\WINDOWS\System32\OLEAUT32.dll
0x00007ff8d6f00000 - 0x00007ff8d6f32000 	C:\WINDOWS\SYSTEM32\dbgcore.DLL
0x00007ff8f7330000 - 0x00007ff8f73aa000 	C:\WINDOWS\System32\bcryptPrimitives.dll
0x00007ff8d1280000 - 0x00007ff8d12a5000 	C:\Program Files\Android\Android Studio1\jbr\bin\java.dll

dbghelp: loaded successfully - version: 4.0.5 - missing functions: none
symbol engine: initialized successfully - sym options: 0x614 - pdb path: .;C:\Program Files\Android\Android Studio1\jbr\bin;C:\WINDOWS\SYSTEM32;C:\WINDOWS\WinSxS\amd64_microsoft.windows.common-controls_6595b64144ccf1df_6.0.22621.3139_none_270f19e5738675cb;C:\Program Files\Android\Android Studio1\jbr\bin\server

VM Arguments:
java_command: org.jetbrains.kotlin.cli.jvm.K2JVMCompiler @D:\code\kotlin\NewsApp\app\build\20240313_10272781992051395808.compiler.options
java_class_path (initial): C:\Users\manas\.gradle\caches\modules-2\files-2.1\org.jetbrains.kotlin\kotlin-compiler-embeddable\1.8.21\a4a682d55fb788432e4b7bf2ab3acb7a7365fb35\kotlin-compiler-embeddable-1.8.21.jar;C:\Users\manas\.gradle\caches\modules-2\files-2.1\org.jetbrains.kotlin\kotlin-stdlib\1.8.21\43d50ab85bc7587adfe3dda3dbe579e5f8d51265\kotlin-stdlib-1.8.21.jar;C:\Users\manas\.gradle\caches\modules-2\files-2.1\org.jetbrains.kotlin\kotlin-script-runtime\1.8.21\bf43f76b6e29bdc09b6c8a4511a9118b0ab12b1f\kotlin-script-runtime-1.8.21.jar;C:\Users\manas\.gradle\caches\modules-2\files-2.1\org.jetbrains.kotlin\kotlin-reflect\1.6.10\1cbe9c92c12a94eea200d23c2bbaedaf3daf5132\kotlin-reflect-1.6.10.jar;C:\Users\manas\.gradle\caches\modules-2\files-2.1\org.jetbrains.kotlin\kotlin-daemon-embeddable\1.8.21\882003c48db58d16c8fb5a933abf08b5974a1a19\kotlin-daemon-embeddable-1.8.21.jar;C:\Users\manas\.gradle\caches\modules-2\files-2.1\org.jetbrains.intellij.deps\trove4j\1.0.20200330\3afb14d5f9ceb459d724e907a21145e8ff394f02\trove4j-1.0.20200330.jar;C:\Users\manas\.gradle\caches\modules-2\files-2.1\net.java.dev.jna\jna\5.6.0\330f2244e9030119ab3030fc3fededc86713d9cc\jna-5.6.0.jar;C:\Users\manas\.gradle\caches\modules-2\files-2.1\org.jetbrains.kotlin\kotlin-stdlib-common\1.8.21\d749cd5ae25da36d06e5028785038e24f9d37976\kotlin-stdlib-common-1.8.21.jar;C:\Users\manas\.gradle\caches\modules-2\files-2.1\org.jetbrains\annotations\13.0\919f0dfe192fb4e063e7dacadee7f8bb9a2672a9\annotations-13.0.jar
Launcher Type: SUN_STANDARD

[Global flags]
     intx CICompilerCount                          = 4                                         {product} {ergonomic}
     uint ConcGCThreads                            = 3                                         {product} {ergonomic}
     uint G1ConcRefinementThreads                  = 10                                        {product} {ergonomic}
   size_t G1HeapRegionSize                         = 2097152                                   {product} {ergonomic}
    uintx GCDrainStackTargetSize                   = 64                                        {product} {ergonomic}
   size_t InitialHeapSize                          = 260046848                                 {product} {ergonomic}
   size_t MarkStackSize                            = 4194304                                   {product} {ergonomic}
   size_t MaxHeapSize                              = 4139778048                                {product} {ergonomic}
   size_t MinHeapDeltaBytes                        = 2097152                                   {product} {ergonomic}
   size_t MinHeapSize                              = 8388608                                   {product} {ergonomic}
    uintx NonNMethodCodeHeapSize                   = 5839372                                {pd product} {ergonomic}
    uintx NonProfiledCodeHeapSize                  = 122909434                              {pd product} {ergonomic}
    uintx ProfiledCodeHeapSize                     = 122909434                              {pd product} {ergonomic}
    uintx ReservedCodeCacheSize                    = 251658240                              {pd product} {ergonomic}
     bool SegmentedCodeCache                       = true                                      {product} {ergonomic}
   size_t SoftMaxHeapSize                          = 4139778048                             {manageable} {ergonomic}
     bool UseCompressedClassPointers               = true                           {product lp64_product} {ergonomic}
     bool UseCompressedOops                        = true                           {product lp64_product} {ergonomic}
     bool UseG1GC                                  = true                                      {product} {ergonomic}
     bool UseLargePagesIndividualAllocation        = false                                  {pd product} {ergonomic}

Logging:
Log output configuration:
 #0: stdout all=warning uptime,level,tags
 #1: stderr all=off uptime,level,tags

Environment Variables:
JAVA_HOME=C:\Program Files\Java\jdk-19
PATH=C:\Program Files\Common Files\Oracle\Java\javapath;C:\Program Files (x86)\Common Files\Oracle\Java\javapath;C:\Windows\system32;C:\Windows;C:\Windows\System32\Wbem;C:\Windows\System32\WindowsPowerShell\v1.0\;C:\Windows\System32\OpenSSH\;C:\Program Files (x86)\NVIDIA Corporation\PhysX\Common;C:\Program Files\NVIDIA Corporation\NVIDIA NvDLISR;C:\WINDOWS\system32;C:\WINDOWS;C:\WINDOWS\System32\Wbem;C:\WINDOWS\System32\WindowsPowerShell\v1.0\;C:\WINDOWS\System32\OpenSSH\;C:\Program Files\dotnet\;C:\Users\manas\AppData\Local\Pub\Cache\bin;C:\Users\manas\AppData\Roaming\nvm;C:\Program Files\nodejs;C:\Program Files\MySQL\MySQL Server 8.0\bin;C:\Program Files\Kubernetes\Minikube;C:\ProgramData\chocolatey\bin;C:\Program Files\Git\cmd;C:\Program Files\Go\bin;C:\Program Files\Docker\Docker\resources\bin;C:\msys64\ucrt64\bin;C:\Program Files\MySQL\MySQL Shell 8.0\bin\;C:\Users\manas\src\flutter\flutter\bin;C:\Users\manas\AppData\Local\Microsoft\WindowsApps;C:\Users\manas\AppData\Local\Programs\Microsoft VS Code\bin;C:\Users\manas\AppData\Local\spicetify;C:\Program Files\Java\jdk-19\bin;C:\Users\manas\AppData\Local\Packages\PythonSoftwareFoundation.Python.3.10_qbz5n2kfra8p0\LocalCache\local-packages\Python310\Scripts;C:\Users\manas\AppData\Roaming\npm;C:\Users\manas\AppData\Roaming\nvm;C:\Program Files\nodejs;C:\Users\manas\AppData\Local\Pub\Cache\bin;C:\Users\manas\AppData\Local\GitHubDesktop\bin;C:\Program Files\Kubernetes\Minikube;C:\Users\manas\go\bin
USERNAME=manas
OS=Windows_NT
PROCESSOR_IDENTIFIER=AMD64 Family 23 Model 96 Stepping 1, AuthenticAMD
TMP=C:\Users\manas\AppData\Local\Temp
TEMP=C:\Users\manas\AppData\Local\Temp



Periodic native trim disabled

JNI global refs:
JNI global refs: 0, weak refs: 0

JNI global refs memory usage: 0, weak refs: 0

OOME stack traces (most recent first):
Classloader memory used:


---------------  S Y S T E M  ---------------

OS:
 Windows 11 , 64 bit Build 22621 (10.0.22621.3139)
OS uptime: 1 days 4:42 hours
Hyper-V role detected

CPU: total 12 (initial active 12) (12 cores per cpu, 2 threads per core) family 23 model 96 stepping 1 microcode 0x0, cx8, cmov, fxsr, ht, mmx, 3dnowpref, sse, sse2, sse3, ssse3, sse4a, sse4.1, sse4.2, popcnt, lzcnt, tsc, tscinvbit, avx, avx2, aes, clmul, bmi1, bmi2, adx, sha, fma, vzeroupper, clflush, clflushopt, hv
Processor Information for all 12 processors :
  Max Mhz: 3000, Current Mhz: 3000, Mhz Limit: 3000

Memory: 4k page, system-wide physical 15791M (4385M free)
TotalPageFile size 18723M (AvailPageFile size 229M)
current process WorkingSet (physical memory assigned to process): 11M, peak: 11M
current process commit charge ("private bytes"): 64M, peak: 312M

vm_info: OpenJDK 64-Bit Server VM (17.0.9+0--11185874) for windows-amd64 JRE (17.0.9+0--11185874), built on Dec  6 2023 18:57:44 by "androidbuild" with MS VC++ 16.10 / 16.11 (VS2019)

END.
